<?xml version="1.0" encoding="UTF-8"?>
<testng-results skipped="0" failed="0" total="5" passed="5">
  <reporter-output>
  </reporter-output>
  <suite name="Suite1" duration-ms="116059" started-at="2023-01-30T04:27:56Z" finished-at="2023-01-30T04:29:52Z">
    <groups>
    </groups>
    <test name="Test" duration-ms="116059" started-at="2023-01-30T04:27:56Z" finished-at="2023-01-30T04:29:52Z">
      <class name="WallStreetJournal.Articles.WSJBusinessFinance">
        <test-method status="PASS" signature="bfa()[pri:0, instance:WallStreetJournal.Articles.WSJBusinessFinance@c038203]" name="bfa" duration-ms="28110" started-at="2023-01-30T09:57:56Z" finished-at="2023-01-30T09:58:24Z">
          <reporter-output>
          </reporter-output>
        </test-method> <!-- bfa -->
      </class> <!-- WallStreetJournal.Articles.WSJBusinessFinance -->
      <class name="WallStreetJournal.Articles.WSWorldNews">
        <test-method status="PASS" signature="wna()[pri:0, instance:WallStreetJournal.Articles.WSWorldNews@4b9e13df]" name="wna" duration-ms="19778" started-at="2023-01-30T09:59:33Z" finished-at="2023-01-30T09:59:52Z">
          <reporter-output>
          </reporter-output>
        </test-method> <!-- wna -->
      </class> <!-- WallStreetJournal.Articles.WSWorldNews -->
      <class name="WallStreetJournal.Articles.wallStreet">
        <test-method status="PASS" signature="wsa()[pri:0, instance:WallStreetJournal.Articles.wallStreet@8bd1b6a]" name="wsa" duration-ms="27429" started-at="2023-01-30T09:58:24Z" finished-at="2023-01-30T09:58:52Z">
          <reporter-output>
          </reporter-output>
        </test-method> <!-- wsa -->
      </class> <!-- WallStreetJournal.Articles.wallStreet -->
      <class name="WallStreetJournal.Articles.WSJLifeArts">
        <test-method status="PASS" signature="laa()[pri:0, instance:WallStreetJournal.Articles.WSJLifeArts@18be83e4]" name="laa" duration-ms="22389" started-at="2023-01-30T09:58:52Z" finished-at="2023-01-30T09:59:14Z">
          <reporter-output>
          </reporter-output>
        </test-method> <!-- laa -->
      </class> <!-- WallStreetJournal.Articles.WSJLifeArts -->
      <class name="WallStreetJournal.Articles.WSJOpinion">
        <test-method status="PASS" signature="oa()[pri:0, instance:WallStreetJournal.Articles.WSJOpinion@cb5822]" name="oa" duration-ms="18336" started-at="2023-01-30T09:59:14Z" finished-at="2023-01-30T09:59:33Z">
          <reporter-output>
          </reporter-output>
        </test-method> <!-- oa -->
      </class> <!-- WallStreetJournal.Articles.WSJOpinion -->
    </test> <!-- Test -->
  </suite> <!-- Suite1 -->
</testng-results>
