<?xml version="1.0" encoding="UTF-8"?>
<testsuite xmlns:xsi="http://www.w3.org/2001/XMLSchema-instance" xsi:noNamespaceSchemaLocation="https://maven.apache.org/surefire/maven-surefire-plugin/xsd/surefire-test-report-3.0.xsd" version="3.0" name="TestSuite" time="116.747" tests="5" errors="0" skipped="0" failures="0">
  <properties>
[...]
</properties>
  <testcase name="bfa" classname="WallStreetJournal.Articles.WSJBusinessFinance" time="28.066">
    <system-out><![CDATA[https://www.wsj.com/articles/big-hedge-funds-are-top-performers-for-a-change-11674094967?mod=itp_wsj&ru=yahoo
Count of Articles Links is: 21
Href Bussiness & Finance Links: https://www.wsj.com/articles/chinas-property-bust-compounds-economic-pain-11674123815?mod=itp_wsj&ru=yahoo
Href Bussiness & Finance Links: https://www.wsj.com/articles/procter-gamble-pg-q2-earnings-report-2023-11674094569?mod=itp_wsj&ru=yahoo
Href Bussiness & Finance Links: https://www.wsj.com/articles/wwes-vince-mcmahon-settles-with-ex-wrestling-referee-who-accused-him-of-rape-11674149751?mod=itp_wsj&ru=yahoo
Href Bussiness & Finance Links: https://www.wsj.com/articles/new-ftx-chief-says-crypto-exchange-could-restart-11674143168?mod=itp_wsj&ru=yahoo
Href Bussiness & Finance Links: https://www.wsj.com/articles/uber-working-with-auto-makers-to-design-vehicles-customized-for-ride-sharing-delivery-11674132796?mod=itp_wsj&ru=yahoo
Href Bussiness & Finance Links: https://www.wsj.com/articles/country-music-star-zach-bryan-is-trying-to-break-up-with-ticketmaster-11674160970?mod=itp_wsj&ru=yahoo
Href Bussiness & Finance Links: https://www.wsj.com/articles/texas-instruments-names-haviv-ilan-as-new-chief-executive-11674166905?mod=itp_wsj&ru=yahoo
Href Bussiness & Finance Links: https://www.wsj.com/articles/amazon-to-wind-down-charity-donation-program-amazonsmile-11674144274?mod=itp_wsj&ru=yahoo
Href Bussiness & Finance Links: https://www.wsj.com/articles/liv-golf-reaches-deal-to-broadcast-events-on-cw-network-11674136667?mod=itp_wsj&ru=yahoo
Href Bussiness & Finance Links: https://www.wsj.com/articles/kuaishou-co-founder-sells-483-million-in-stock-to-fund-donations-11674130775?mod=itp_wsj&ru=yahoo
Href Bussiness & Finance Links: https://www.wsj.com/articles/nasas-mars-helicopter-opens-the-door-for-flight-on-other-worlds-11674142489?mod=itp_wsj&ru=yahoo
Href Bussiness & Finance Links: https://www.wsj.com/articles/wayfair-is-preparing-to-lay-off-more-than-1-000-workers-11674161122?mod=itp_wsj&ru=yahoo
Href Bussiness & Finance Links: https://www.wsj.com/articles/nordstrom-holiday-sales-decline-as-shoppers-tighten-belts-11674170147?mod=itp_wsj&ru=yahoo
Href Bussiness & Finance Links: https://www.wsj.com/articles/dominion-to-depose-rupert-murdoch-in-defamation-case-against-fox-news-11674136609?mod=itp_wsj&ru=yahoo
Href Bussiness & Finance Links: https://www.wsj.com/articles/crypto-lender-nexo-agrees-to-pay-45-million-to-settle-regulatory-investigations-11674165545?mod=itp_wsj&ru=yahoo
Href Bussiness & Finance Links: https://www.wsj.com/articles/kkr-limits-withdrawals-from-real-estate-fund-11674165212?mod=itp_wsj&ru=yahoo
Href Bussiness & Finance Links: https://www.wsj.com/articles/audax-raises-3-billion-for-second-direct-lending-fund-11674081586?mod=itp_wsj&ru=yahoo
Href Bussiness & Finance Links: https://www.wsj.com/articles/luxury-tycoons-leave-big-shoes-to-fill-11674128776?mod=itp_wsj&ru=yahoo
Href Bussiness & Finance Links: https://www.wsj.com/articles/chinese-healthcare-stocks-are-an-expensive-bet-11674042793?mod=itp_wsj&ru=yahoo
Href Bussiness & Finance Links: https://www.wsj.com/articles/liquefied-natural-gas-will-have-a-less-frenzied-2023-11674140749?mod=itp_wsj&ru=yahoo
Href Bussiness & Finance Links: https://www.wsj.com/articles/procter-gamble-is-no-bargain-11674145249?mod=itp_wsj&ru=yahoo
]]></system-out>
    <system-err><![CDATA[SLF4J: Failed to load class "org.slf4j.impl.StaticLoggerBinder".
SLF4J: Defaulting to no-operation (NOP) logger implementation
SLF4J: See http://www.slf4j.org/codes.html#StaticLoggerBinder for further details.
Starting Microsoft Edge WebDriver 108.0.1462.76 (5feb330873638e9bb5dfe2a398aadcb50a36c860) on port 62608
To submit feedback, report a bug, or suggest new features, please visit https://github.com/MicrosoftEdge/EdgeWebDriver

Only local connections are allowed.
Please see https://aka.ms/WebDriverSecurity for suggestions on keeping Microsoft Edge WebDriver safe.

Microsoft Edge WebDriver was started successfully.
[1675052881.307][WARNING]: This version of Microsoft Edge WebDriver has not been tested with Microsoft Edge version 109.
Jan 30, 2023 9:58:01 AM org.openqa.selenium.remote.ProtocolHandshake createSession
INFO: Detected upstream dialect: W3C
Jan 30, 2023 9:58:01 AM org.openqa.selenium.devtools.CdpVersionFinder findNearestMatch
WARNING: Unable to find an exact match for CDP version 109, so returning the closest version found: a no-op implementation
Jan 30, 2023 9:58:01 AM org.openqa.selenium.devtools.CdpVersionFinder findNearestMatch
INFO: Unable to find CDP implementation matching 109.
Jan 30, 2023 9:58:01 AM org.openqa.selenium.chromium.ChromiumDriver lambda$new$3
WARNING: Unable to find version of CDP to use for . You may need to include a dependency on a specific version of the CDP using something similar to `org.seleniumhq.selenium:selenium-devtools-v86:4.4.0` where the version ("v86") matches the version of the chromium-based browser you're using and the version number of the artifact is the same as Selenium's.
]]></system-err>
  </testcase>
  <testcase name="wsa" classname="WallStreetJournal.Articles.wallStreet" time="27.427">
    <system-out><![CDATA[https://www.wsj.com/articles/smaller-share-of-u-s-workers-were-union-members-last-year-11674154828?mod=itp_wsj&ru=yahoo
Count of Articles Links is: 10
Href value of link: https://www.wsj.com/articles/top-fed-official-sees-inflation-decline-as-notable-improvement-11674152117?mod=itp_wsj&ru=yahoo
Href value of link: https://www.wsj.com/articles/contractor-unintentionally-caused-pilot-alert-system-outage-that-disrupted-flights-faa-says-11674175850?mod=itp_wsj&ru=yahoo
Href value of link: https://www.wsj.com/articles/supreme-court-has-yet-to-identify-who-leaked-draft-opinion-in-abortion-case-11674157126?mod=itp_wsj&ru=yahoo
Href value of link: https://www.wsj.com/articles/alec-baldwin-shooting-charges-involuntary-manslaughter-rust-movie-11674081157?mod=itp_wsj&ru=yahoo
Href value of link: https://www.wsj.com/articles/fda-seeks-more-data-on-lillys-alzheimers-drug-candidate-11674172480?mod=itp_wsj&ru=yahoo
Href value of link: https://www.wsj.com/articles/senators-pursue-deal-on-border-security-and-path-to-citizenship-for-dreamers-11674101146?mod=itp_wsj&ru=yahoo
Href value of link: https://www.wsj.com/articles/joe-biden-says-theres-no-there-there-about-classified-documents-found-at-office-home-11674174192?mod=itp_wsj&ru=yahoo
Href value of link: https://www.wsj.com/articles/lawmakers-call-for-oversight-of-telehealth-ads-promoting-drugs-11674152718?mod=itp_wsj&ru=yahoo
Href value of link: https://www.wsj.com/articles/david-crosby-acclaimed-singer-songwriter-and-counterculture-hero-dies-11674187036?mod=itp_wsj&ru=yahoo
Href value of link: https://www.wsj.com/articles/federal-judge-dismisses-charges-against-nypd-officer-accused-of-acting-as-chinese-agent-11674155968?mod=itp_wsj&ru=yahoo
]]></system-out>
    <system-err><![CDATA[Starting Microsoft Edge WebDriver 108.0.1462.76 (5feb330873638e9bb5dfe2a398aadcb50a36c860) on port 49599
To submit feedback, report a bug, or suggest new features, please visit https://github.com/MicrosoftEdge/EdgeWebDriver

Only local connections are allowed.
Please see https://aka.ms/WebDriverSecurity for suggestions on keeping Microsoft Edge WebDriver safe.

Microsoft Edge WebDriver was started successfully.
[1675052906.542][WARNING]: This version of Microsoft Edge WebDriver has not been tested with Microsoft Edge version 109.
Jan 30, 2023 9:58:26 AM org.openqa.selenium.remote.ProtocolHandshake createSession
INFO: Detected upstream dialect: W3C
Jan 30, 2023 9:58:26 AM org.openqa.selenium.devtools.CdpVersionFinder findNearestMatch
WARNING: Unable to find an exact match for CDP version 109, so returning the closest version found: a no-op implementation
Jan 30, 2023 9:58:26 AM org.openqa.selenium.devtools.CdpVersionFinder findNearestMatch
INFO: Unable to find CDP implementation matching 109.
Jan 30, 2023 9:58:26 AM org.openqa.selenium.chromium.ChromiumDriver lambda$new$3
WARNING: Unable to find version of CDP to use for . You may need to include a dependency on a specific version of the CDP using something similar to `org.seleniumhq.selenium:selenium-devtools-v86:4.4.0` where the version ("v86") matches the version of the chromium-based browser you're using and the version number of the artifact is the same as Selenium's.
]]></system-err>
  </testcase>
  <testcase name="laa" classname="WallStreetJournal.Articles.WSJLifeArts" time="22.388">
    <system-out><![CDATA[https://www.wsj.com/articles/accused-review-fox-anthology-series-michael-chiklis-marlee-matlin-billy-porter-11674168144?mod=itp_wsj&ru=yahoo
Count of Articles Links is: 5
Href value of link: https://www.wsj.com/articles/after-love-review-joanna-scanlan-aleem-khan-british-widow-affair-islam-11674167417?mod=itp_wsj&ru=yahoo
Href value of link: https://www.wsj.com/articles/heaven-frankensteins-monster-is-drunk-reviews-59e59-theaters-irish-zoe-seaton-eugene-obrien-11674167635?mod=itp_wsj&ru=yahoo
Href value of link: https://www.wsj.com/articles/cincinnati-bengals-sam-hubbard-98-yard-td-run-11674128145?mod=itp_wsj&ru=yahoo
Href value of link: https://www.wsj.com/articles/lionel-messi-cristiano-ronaldo-saudi-arabia-riyadh-friendly-psg-11674157253?mod=itp_wsj&ru=yahoo
Href value of link: https://www.wsj.com/articles/daniel-jones-giants-nfl-playoffs-11674075544?mod=itp_wsj&ru=yahoo
]]></system-out>
    <system-err><![CDATA[Starting Microsoft Edge WebDriver 108.0.1462.76 (5feb330873638e9bb5dfe2a398aadcb50a36c860) on port 63274
To submit feedback, report a bug, or suggest new features, please visit https://github.com/MicrosoftEdge/EdgeWebDriver

Only local connections are allowed.
Please see https://aka.ms/WebDriverSecurity for suggestions on keeping Microsoft Edge WebDriver safe.

Microsoft Edge WebDriver was started successfully.
[1675052933.896][WARNING]: This version of Microsoft Edge WebDriver has not been tested with Microsoft Edge version 109.
Jan 30, 2023 9:58:54 AM org.openqa.selenium.remote.ProtocolHandshake createSession
INFO: Detected upstream dialect: W3C
Jan 30, 2023 9:58:54 AM org.openqa.selenium.devtools.CdpVersionFinder findNearestMatch
WARNING: Unable to find an exact match for CDP version 109, so returning the closest version found: a no-op implementation
Jan 30, 2023 9:58:54 AM org.openqa.selenium.devtools.CdpVersionFinder findNearestMatch
INFO: Unable to find CDP implementation matching 109.
Jan 30, 2023 9:58:54 AM org.openqa.selenium.chromium.ChromiumDriver lambda$new$3
WARNING: Unable to find version of CDP to use for . You may need to include a dependency on a specific version of the CDP using something similar to `org.seleniumhq.selenium:selenium-devtools-v86:4.4.0` where the version ("v86") matches the version of the chromium-based browser you're using and the version number of the artifact is the same as Selenium's.
]]></system-err>
  </testcase>
  <testcase name="oa" classname="WallStreetJournal.Articles.WSJOpinion" time="18.335">
    <system-out><![CDATA[https://www.wsj.com/articles/the-justice-departments-double-standards-on-classified-documents-biden-fbi-trump-raid-private-penn-11674166392?mod=itp_wsj&ru=yahoo
Count of Articles Links is: 15
Href value of link: https://www.wsj.com/articles/prince-harrys-pagan-progress-spiritual-religious-spare-diana-hunting-meghan-markle-faith-millennial-11674166657?mod=itp_wsj&ru=yahoo
Href value of link: https://www.wsj.com/articles/dc-council-seems-to-want-more-crime-code-bowser-first-second-degree-atv-mandatory-minimum-carjacking-11674139526?mod=itp_wsj&ru=yahoo
Href value of link: https://www.wsj.com/articles/code-name-blue-wren-review-the-queen-of-cuba-11674170737?mod=itp_wsj&ru=yahoo
Href value of link: https://www.wsj.com/articles/the-sec-seeks-to-supplant-the-market-11674159388?mod=itp_wsj&ru=yahoo
Href value of link: https://www.wsj.com/articles/debt-not-the-debt-limit-is-the-real-fiscal-crisis-ceiling-federal-reserve-spending-interest-expense-11674164556?mod=itp_wsj&ru=yahoo
Href value of link: https://www.wsj.com/articles/the-military-needs-recruits-with-adhd-overstimulation-standards-learship-advantage-join-symptoms-11674056740?mod=itp_wsj&ru=yahoo
Href value of link: https://www.wsj.com/articles/who-would-win-a-war-over-taiwan-war-game-exercise-center-for-strategic-and-international-studies-china-u-s-11673981972?mod=itp_wsj&ru=yahoo
Href value of link: https://www.wsj.com/articles/kathy-hochul-judicial-nominee-hector-lasalle-rejected-progressives-new-york-senate-judiciary-committee-11674169565?mod=itp_wsj&ru=yahoo
Href value of link: https://www.wsj.com/articles/john-kerry-lays-it-all-out-on-climate-davos-11674170143?mod=itp_wsj&ru=yahoo
Href value of link: https://www.wsj.com/articles/biden-big-tech-op-ed-collusion-11674081290?mod=itp_wsj&ru=yahoo
Href value of link: https://www.wsj.com/articles/cows-methane-emissions-climate-change-global-warming-11674080586?mod=itp_wsj&ru=yahoo
Href value of link: https://www.wsj.com/articles/prince-harry-windsor-meghan-markle-spare-book-11674079955?mod=itp_wsj&ru=yahoo
Href value of link: https://www.wsj.com/articles/usc-bans-a-word-out-of-left-field-11674079259?mod=itp_wsj&ru=yahoo
Href value of link: https://www.wsj.com/articles/cut-taxes-and-fund-the-irs-11674078413?mod=itp_wsj&ru=yahoo
Href value of link: https://www.wsj.com/articles/navy-lieutenant-lt-alkonis-japan-prison-11674078893?mod=itp_wsj&ru=yahoo
]]></system-out>
    <system-err><![CDATA[Starting Microsoft Edge WebDriver 108.0.1462.76 (5feb330873638e9bb5dfe2a398aadcb50a36c860) on port 52598
To submit feedback, report a bug, or suggest new features, please visit https://github.com/MicrosoftEdge/EdgeWebDriver

Only local connections are allowed.
Please see https://aka.ms/WebDriverSecurity for suggestions on keeping Microsoft Edge WebDriver safe.

Microsoft Edge WebDriver was started successfully.
[1675052956.033][WARNING]: This version of Microsoft Edge WebDriver has not been tested with Microsoft Edge version 109.
Jan 30, 2023 9:59:16 AM org.openqa.selenium.remote.ProtocolHandshake createSession
INFO: Detected upstream dialect: W3C
Jan 30, 2023 9:59:16 AM org.openqa.selenium.devtools.CdpVersionFinder findNearestMatch
WARNING: Unable to find an exact match for CDP version 109, so returning the closest version found: a no-op implementation
Jan 30, 2023 9:59:16 AM org.openqa.selenium.devtools.CdpVersionFinder findNearestMatch
INFO: Unable to find CDP implementation matching 109.
Jan 30, 2023 9:59:16 AM org.openqa.selenium.chromium.ChromiumDriver lambda$new$3
WARNING: Unable to find version of CDP to use for . You may need to include a dependency on a specific version of the CDP using something similar to `org.seleniumhq.selenium:selenium-devtools-v86:4.4.0` where the version ("v86") matches the version of the chromium-based browser you're using and the version number of the artifact is the same as Selenium's.
]]></system-err>
  </testcase>
  <testcase name="wna" classname="WallStreetJournal.Articles.WSWorldNews" time="19.778">
    <system-out><![CDATA[https://www.wsj.com/articles/russias-wagner-unit-claims-control-of-town-near-bakhmut-11674135176?mod=itp_wsj&ru=yahoo
Count of Articles Links is: 6
Href value of link: https://www.wsj.com/articles/poland-suggests-it-would-send-german-made-tanks-to-ukraine-without-berlins-consent-11674123217?mod=itp_wsj&ru=yahoo
Href value of link: https://www.wsj.com/articles/russian-ruble-gyrates-as-western-sanctions-squeeze-moscows-energy-exports-11674068122?mod=itp_wsj&ru=yahoo
Href value of link: https://www.wsj.com/articles/sweden-convicts-two-iranian-born-brothers-of-spying-for-russia-11674143289?mod=itp_wsj&ru=yahoo
Href value of link: https://www.wsj.com/articles/european-support-grows-for-sanctioning-irans-revolutionary-guards-11674142863?mod=itp_wsj&ru=yahoo
Href value of link: https://www.wsj.com/articles/french-workers-strike-in-protest-of-macrons-plan-to-raise-retirement-age-11674124213?mod=itp_wsj&ru=yahoo
Href value of link: https://www.wsj.com/articles/south-korea-leader-dials-back-comments-on-developing-nuclear-weapons-11674154870?mod=itp_wsj&ru=yahoo
]]></system-out>
    <system-err><![CDATA[Starting Microsoft Edge WebDriver 108.0.1462.76 (5feb330873638e9bb5dfe2a398aadcb50a36c860) on port 56968
To submit feedback, report a bug, or suggest new features, please visit https://github.com/MicrosoftEdge/EdgeWebDriver

Only local connections are allowed.
Please see https://aka.ms/WebDriverSecurity for suggestions on keeping Microsoft Edge WebDriver safe.

Microsoft Edge WebDriver was started successfully.
[1675052974.384][WARNING]: This version of Microsoft Edge WebDriver has not been tested with Microsoft Edge version 109.
Jan 30, 2023 9:59:34 AM org.openqa.selenium.remote.ProtocolHandshake createSession
INFO: Detected upstream dialect: W3C
Jan 30, 2023 9:59:34 AM org.openqa.selenium.devtools.CdpVersionFinder findNearestMatch
WARNING: Unable to find an exact match for CDP version 109, so returning the closest version found: a no-op implementation
Jan 30, 2023 9:59:34 AM org.openqa.selenium.devtools.CdpVersionFinder findNearestMatch
INFO: Unable to find CDP implementation matching 109.
Jan 30, 2023 9:59:34 AM org.openqa.selenium.chromium.ChromiumDriver lambda$new$3
WARNING: Unable to find version of CDP to use for . You may need to include a dependency on a specific version of the CDP using something similar to `org.seleniumhq.selenium:selenium-devtools-v86:4.4.0` where the version ("v86") matches the version of the chromium-based browser you're using and the version number of the artifact is the same as Selenium's.
]]></system-err>
  </testcase>
</testsuite>