<?xml version="1.0" encoding="UTF-8"?>
<!-- Generated by org.testng.reporters.JUnitXMLReporter -->
<testsuite hostname="EIS-HYD-8RFSQ93" name="Test" tests="5" failures="0" timestamp="30 Jan 2023 04:29:52 GMT" time="116.059" errors="0">
  <testcase name="bfa" time="28.11" classname="WallStreetJournal.Articles.WSJBusinessFinance"/>
  <testcase name="wsa" time="27.429" classname="WallStreetJournal.Articles.wallStreet"/>
  <testcase name="laa" time="22.389" classname="WallStreetJournal.Articles.WSJLifeArts"/>
  <testcase name="oa" time="18.336" classname="WallStreetJournal.Articles.WSJOpinion"/>
  <testcase name="wna" time="19.778" classname="WallStreetJournal.Articles.WSWorldNews"/>
</testsuite> <!-- Test -->
