<?xml version="1.0" encoding="UTF-8"?>
<!-- Generated by org.testng.reporters.JUnitXMLReporter -->
<testsuite hostname="EIS-HYD-8RFSQ93" name="Test" tests="7" failures="0" timestamp="6 Mar 2023 17:33:43 GMT" time="116.478" errors="0">
  <testcase name="configDetails" time="15.17" classname="WallStreetJournal.Articles.descriptionInfo"/>
  <testcase name="meth" time="14.745" classname="WallStreetJournal.Articles.descriptionInfo"/>
  <testcase name="wsa" time="17.541" classname="WallStreetJournal.Articles.wallStreet"/>
  <testcase name="wna" time="16.885" classname="WallStreetJournal.Articles.WSWorldNews"/>
  <testcase name="laa" time="17.15" classname="WallStreetJournal.Articles.WSJLifeArts"/>
  <testcase name="oa" time="17.116" classname="WallStreetJournal.Articles.WSJOpinion"/>
  <testcase name="bfa" time="17.854" classname="WallStreetJournal.Articles.WSJBusinessFinance"/>
</testsuite> <!-- Test -->
